<?xml version="1.0" encoding="UTF-8"?>
<testng-results skipped="0" failed="0" ignored="1" total="3" passed="2">
  <reporter-output>
  </reporter-output>
  <suite name="Suite" duration-ms="4708" started-at="2020-12-27T18:52:38Z" finished-at="2020-12-27T18:52:43Z">
    <groups>
    </groups>
    <test name="Test" duration-ms="4708" started-at="2020-12-27T18:52:38Z" finished-at="2020-12-27T18:52:43Z">
      <class name="org.testing.TestScripts.TC2_Get_TestCase">
        <test-method status="PASS" signature="testcase2()[pri:0, instance:org.testing.TestScripts.TC2_Get_TestCase@675d3402]" name="testcase2" duration-ms="107" started-at="2020-12-27T10:52:42Z" finished-at="2020-12-27T10:52:43Z">
          <reporter-output>
          </reporter-output>
        </test-method> <!-- testcase2 -->
      </class> <!-- org.testing.TestScripts.TC2_Get_TestCase -->
      <class name="org.testing.TestScripts.TC1_Post_Request">
        <test-method status="PASS" signature="testcase1()[pri:0, instance:org.testing.TestScripts.TC1_Post_Request@20e2cbe0]" name="testcase1" duration-ms="4545" started-at="2020-12-27T10:52:38Z" finished-at="2020-12-27T10:52:42Z">
          <reporter-output>
          </reporter-output>
        </test-method> <!-- testcase1 -->
      </class> <!-- org.testing.TestScripts.TC1_Post_Request -->
    </test> <!-- Test -->
  </suite> <!-- Suite -->
</testng-results>
