<?xml version="1.0" encoding="UTF-8"?>
<!-- Generated by org.testng.reporters.JUnitXMLReporter -->
<testsuite hostname="DESKTOP-30FNJH5" ignored="1" name="Test" tests="2" failures="0" timestamp="27 Dec 2020 18:52:43 GMT" time="4.708" errors="0">
  <testcase name="testcase1" time="4.545" classname="org.testing.TestScripts.TC1_Post_Request"/>
  <testcase name="testcase2" time="0.107" classname="org.testing.TestScripts.TC2_Get_TestCase"/>
  <testcase name="thirdTC" time="0.0" classname="org.testing.TestScripts.TC3_Get_Request_AllData">
    <ignored/>
  </testcase> <!-- thirdTC -->
</testsuite> <!-- Test -->
